<?xml version="1.0" encoding="UTF-8"?>
<!-- Generated by org.testng.reporters.JUnitReportReporter -->
<testsuite hostname="LTIN256630" failures="0" tests="30" name="TestCases.EMICalculator" time="-1707797504.000" errors="1" timestamp="2024-02-13T09:42:21 IST" skipped="29">
  <testcase classname="TestCases.EMICalculator" name="setUp" time="-1707797504.000">
    <error message="
Parameter &#039;os&#039; is required by BeforeClass on method setUp but has not been marked @Optional or defined
in C:\Users\2303554\AppData\Local\Temp\2\testng-eclipse-1051583609\testng-customsuite.xml" type="org.testng.TestNGException">
      <![CDATA[org.testng.TestNGException: 
Parameter 'os' is required by BeforeClass on method setUp but has not been marked @Optional or defined
in C:\Users\2303554\AppData\Local\Temp\2\testng-eclipse-1051583609\testng-customsuite.xml
at org.testng.internal.Parameters.createParams(Parameters.java:267)
at org.testng.internal.Parameters.createParametersForMethod(Parameters.java:355)
at org.testng.internal.Parameters.createParameters(Parameters.java:684)
at org.testng.internal.Parameters.createConfigurationParameters(Parameters.java:166)
at org.testng.internal.invokers.ConfigInvoker.invokeConfigurations(ConfigInvoker.java:306)
at org.testng.internal.invokers.TestMethodWorker.invokeBeforeClassMethods(TestMethodWorker.java:180)
at org.testng.internal.invokers.TestMethodWorker.run(TestMethodWorker.java:122)
at java.base/java.util.ArrayList.forEach(ArrayList.java:1511)
at org.testng.TestRunner.privateRun(TestRunner.java:848)
at org.testng.TestRunner.run(TestRunner.java:621)
at org.testng.SuiteRunner.runTest(SuiteRunner.java:443)
at org.testng.SuiteRunner.runSequentially(SuiteRunner.java:437)
at org.testng.SuiteRunner.privateRun(SuiteRunner.java:397)
at org.testng.SuiteRunner.run(SuiteRunner.java:336)
at org.testng.SuiteRunnerWorker.runSuite(SuiteRunnerWorker.java:52)
at org.testng.SuiteRunnerWorker.run(SuiteRunnerWorker.java:95)
at org.testng.TestNG.runSuitesSequentially(TestNG.java:1280)
at org.testng.TestNG.runSuitesLocally(TestNG.java:1200)
at org.testng.TestNG.runSuites(TestNG.java:1114)
at org.testng.TestNG.run(TestNG.java:1082)
at org.testng.remote.AbstractRemoteTestNG.run(AbstractRemoteTestNG.java:115)
at org.testng.remote.RemoteTestNG.initAndRun(RemoteTestNG.java:251)
at org.testng.remote.RemoteTestNG.main(RemoteTestNG.java:77)
]]>
    </error>
  </testcase> <!-- setUp -->
  <testcase classname="TestCases.EMICalculator" name="clickOnCarLoanLink" time="0.000">
    <skipped/>
  </testcase> <!-- clickOnCarLoanLink -->
  <testcase classname="TestCases.EMICalculator" name="setCarAmount" time="0.001">
    <skipped/>
  </testcase> <!-- setCarAmount -->
  <testcase classname="TestCases.EMICalculator" name="setInterestRate" time="0.000">
    <skipped/>
  </testcase> <!-- setInterestRate -->
  <testcase classname="TestCases.EMICalculator" name="setLoanTenure" time="0.001">
    <skipped/>
  </testcase> <!-- setLoanTenure -->
  <testcase classname="TestCases.EMICalculator" name="clickOnyear" time="0.001">
    <skipped/>
  </testcase> <!-- clickOnyear -->
  <testcase classname="TestCases.EMICalculator" name="readData" time="0.001">
    <skipped/>
  </testcase> <!-- readData -->
  <testcase classname="TestCases.EMICalculator" name="calculatorsDropDownValidation" time="0.000">
    <skipped/>
  </testcase> <!-- calculatorsDropDownValidation -->
  <testcase classname="TestCases.EMICalculator" name="homeLoanEmiCalculatorValidation" time="0.000">
    <skipped/>
  </testcase> <!-- homeLoanEmiCalculatorValidation -->
  <testcase classname="TestCases.EMICalculator" name="validateHomeValueInputfield" time="0.000">
    <skipped/>
  </testcase> <!-- validateHomeValueInputfield -->
  <testcase classname="TestCases.EMICalculator" name="validateDownPaymentInputFieldInPercentage" time="0.000">
    <skipped/>
  </testcase> <!-- validateDownPaymentInputFieldInPercentage -->
  <testcase classname="TestCases.EMICalculator" name="validateDownPaymentRupeesButton" time="0.000">
    <skipped/>
  </testcase> <!-- validateDownPaymentRupeesButton -->
  <testcase classname="TestCases.EMICalculator" name="validateLoanInsuranceInputField" time="0.000">
    <skipped/>
  </testcase> <!-- validateLoanInsuranceInputField -->
  <testcase classname="TestCases.EMICalculator" name="validateInterestRateInputField" time="0.000">
    <skipped/>
  </testcase> <!-- validateInterestRateInputField -->
  <testcase classname="TestCases.EMICalculator" name="validateLoanTenureInputField" time="0.000">
    <skipped/>
  </testcase> <!-- validateLoanTenureInputField -->
  <testcase classname="TestCases.EMICalculator" name="validateLoanTenureMonthsButton" time="0.001">
    <skipped/>
  </testcase> <!-- validateLoanTenureMonthsButton -->
  <testcase classname="TestCases.EMICalculator" name="validateLoanChargesInputField" time="0.000">
    <skipped/>
  </testcase> <!-- validateLoanChargesInputField -->
  <testcase classname="TestCases.EMICalculator" name="validateLoanChargesRupeesButtonElement" time="0.001">
    <skipped/>
  </testcase> <!-- validateLoanChargesRupeesButtonElement -->
  <testcase classname="TestCases.EMICalculator" name="validateLoanStartMonthAndYearField" time="0.000">
    <skipped/>
  </testcase> <!-- validateLoanStartMonthAndYearField -->
  <testcase classname="TestCases.EMICalculator" name="validateLoanStartMonthAndYearInputField" time="0.000">
    <skipped/>
  </testcase> <!-- validateLoanStartMonthAndYearInputField -->
  <testcase classname="TestCases.EMICalculator" name="validateOneTimeExpensesInputField" time="0.000">
    <skipped/>
  </testcase> <!-- validateOneTimeExpensesInputField -->
  <testcase classname="TestCases.EMICalculator" name="validateOneTimeExpensesRupeesButton" time="0.000">
    <skipped/>
  </testcase> <!-- validateOneTimeExpensesRupeesButton -->
  <testcase classname="TestCases.EMICalculator" name="validatePropertyTaxesPerYearInputField" time="0.000">
    <skipped/>
  </testcase> <!-- validatePropertyTaxesPerYearInputField -->
  <testcase classname="TestCases.EMICalculator" name="validatePropertyTaxesPerYearRupeesButton" time="0.000">
    <skipped/>
  </testcase> <!-- validatePropertyTaxesPerYearRupeesButton -->
  <testcase classname="TestCases.EMICalculator" name="validateHomeInsurancePerYearInputField" time="0.000">
    <skipped/>
  </testcase> <!-- validateHomeInsurancePerYearInputField -->
  <testcase classname="TestCases.EMICalculator" name="validateHomeInsurancePerYearRupeesButton" time="0.000">
    <skipped/>
  </testcase> <!-- validateHomeInsurancePerYearRupeesButton -->
  <testcase classname="TestCases.EMICalculator" name="validateMaintenanceExpensesPerMonthInputField" time="0.001">
    <skipped/>
  </testcase> <!-- validateMaintenanceExpensesPerMonthInputField -->
  <testcase classname="TestCases.EMICalculator" name="printAllTheData" time="0.001">
    <skipped/>
  </testcase> <!-- printAllTheData -->
  <testcase classname="TestCases.EMICalculator" name="calculatorsDropDownValidationFromHomeLoan" time="0.000">
    <skipped/>
  </testcase> <!-- calculatorsDropDownValidationFromHomeLoan -->
  <testcase classname="TestCases.EMICalculator" name="emiCalculatorPageValidation" time="0.001">
    <skipped/>
  </testcase> <!-- emiCalculatorPageValidation -->
</testsuite> <!-- TestCases.EMICalculator -->
